<?xml version="1.0" encoding="UTF-8"?>
<!-- Generated by org.testng.reporters.JUnitReportReporter -->
<testsuite hostname="RJ" failures="0" tests="3" name="handsOn.TestNGAnnotations" time="0.012" errors="0" timestamp="01 Aug 2024 22:09:51 GMT" skipped="0">
  <testcase classname="handsOn.TestNGAnnotations" name="Step3" time="0.002"/>
  <testcase classname="handsOn.TestNGAnnotations" name="Step1" time="0.007"/>
  <testcase classname="handsOn.TestNGAnnotations" name="Step2" time="0.003"/>
</testsuite> <!-- handsOn.TestNGAnnotations -->
